{"name":"Test Browse Product","status":"broken","statusDetails":{"known":false,"muted":false,"flaky":false,"message":"Cannot locate option with value: Cavendish Banana\nFor documentation on this error, please visit: https://www.seleniumhq.org/exceptions/no_such_element.html\nBuild info: version: '3.141.59', revision: 'e82be7d358', time: '2018-11-14T08:17:03'\nSystem info: host: 'LAPTOP-9U19KNBL', ip: '192.168.0.156', os.name: 'Windows 10', os.arch: 'amd64', os.version: '10.0', java.version: '11.0.17'\nDriver info: driver.version: unknown","trace":"org.openqa.selenium.NoSuchElementException: Cannot locate option with value: Cavendish Banana\nFor documentation on this error, please visit: https://www.seleniumhq.org/exceptions/no_such_element.html\nBuild info: version: '3.141.59', revision: 'e82be7d358', time: '2018-11-14T08:17:03'\nSystem info: host: 'LAPTOP-9U19KNBL', ip: '192.168.0.156', os.name: 'Windows 10', os.arch: 'amd64', os.version: '10.0', java.version: '11.0.17'\nDriver info: driver.version: unknown\r\n\tat org.openqa.selenium.support.ui.Select.findOptionsByValue(Select.java:283)\r\n\tat org.openqa.selenium.support.ui.Select.selectByValue(Select.java:186)\r\n\tat StepDef.BrowseProduct_StepDef.user_fill_in_details_on_product_details_page(BrowseProduct_StepDef.java:128)\r\n\tat ✽.User fill in details on product details page(file:///C:/Users/SharzKim/coding/automate_testing/TaniExchange_AutomateTesting/src/test/Features/BrowseProduct.feature:11)\r\n"},"stage":"finished","steps":[{"name":"Given  User select farmer produce when not login","status":"passed","statusDetails":{"known":false,"muted":false,"flaky":false},"stage":"finished","steps":[],"attachments":[],"parameters":[],"start":1683603955788,"stop":1683603969334},{"name":"And  User view and scroll page","status":"passed","statusDetails":{"known":false,"muted":false,"flaky":false},"stage":"finished","steps":[],"attachments":[],"parameters":[],"start":1683603969334,"stop":1683603978448},{"name":"And  User choose and view product","status":"passed","statusDetails":{"known":false,"muted":false,"flaky":false},"stage":"finished","steps":[],"attachments":[],"parameters":[],"start":1683603978449,"stop":1683603982572},{"name":"And  User continue browsing","status":"passed","statusDetails":{"known":false,"muted":false,"flaky":false},"stage":"finished","steps":[],"attachments":[],"parameters":[],"start":1683603982573,"stop":1683603988829},{"name":"And  User select farm details in product details page","status":"passed","statusDetails":{"known":false,"muted":false,"flaky":false},"stage":"finished","steps":[],"attachments":[],"parameters":[],"start":1683603988829,"stop":1683603999184},{"name":"And  User doesnt fill in details on product details page","status":"passed","statusDetails":{"known":false,"muted":false,"flaky":false},"stage":"finished","steps":[],"attachments":[],"parameters":[],"start":1683603999184,"stop":1683604003267},{"name":"And  User fill in details on product details page","status":"broken","statusDetails":{"known":false,"muted":false,"flaky":false,"message":"Cannot locate option with value: Cavendish Banana\nFor documentation on this error, please visit: https://www.seleniumhq.org/exceptions/no_such_element.html\nBuild info: version: '3.141.59', revision: 'e82be7d358', time: '2018-11-14T08:17:03'\nSystem info: host: 'LAPTOP-9U19KNBL', ip: '192.168.0.156', os.name: 'Windows 10', os.arch: 'amd64', os.version: '10.0', java.version: '11.0.17'\nDriver info: driver.version: unknown","trace":"org.openqa.selenium.NoSuchElementException: Cannot locate option with value: Cavendish Banana\nFor documentation on this error, please visit: https://www.seleniumhq.org/exceptions/no_such_element.html\nBuild info: version: '3.141.59', revision: 'e82be7d358', time: '2018-11-14T08:17:03'\nSystem info: host: 'LAPTOP-9U19KNBL', ip: '192.168.0.156', os.name: 'Windows 10', os.arch: 'amd64', os.version: '10.0', java.version: '11.0.17'\nDriver info: driver.version: unknown\r\n\tat org.openqa.selenium.support.ui.Select.findOptionsByValue(Select.java:283)\r\n\tat org.openqa.selenium.support.ui.Select.selectByValue(Select.java:186)\r\n\tat StepDef.BrowseProduct_StepDef.user_fill_in_details_on_product_details_page(BrowseProduct_StepDef.java:128)\r\n\tat ✽.User fill in details on product details page(file:///C:/Users/SharzKim/coding/automate_testing/TaniExchange_AutomateTesting/src/test/Features/BrowseProduct.feature:11)\r\n"},"stage":"finished","steps":[],"attachments":[],"parameters":[],"start":1683604003267,"stop":1683604015345},{"name":"And  User continue shopping","status":"skipped","statusDetails":{"known":false,"muted":false,"flaky":false},"stage":"finished","steps":[],"attachments":[],"parameters":[],"start":1683604015346,"stop":1683604015346},{"name":"And  User view cart","status":"skipped","statusDetails":{"known":false,"muted":false,"flaky":false},"stage":"finished","steps":[],"attachments":[],"parameters":[],"start":1683604015347,"stop":1683604015347},{"name":"Then  User fill wrong information","status":"skipped","statusDetails":{"known":false,"muted":false,"flaky":false},"stage":"finished","steps":[],"attachments":[],"parameters":[],"start":1683604015347,"stop":1683604015348}],"attachments":[],"parameters":[],"start":1683603953934,"stop":1683604017590,"uuid":"2ac64a59-1d5d-446a-851d-f0b68e0c6aa7","historyId":"e04ec66fd6d3a3d3457d24b81b944245","fullName":"Test Browse Product Page: Test Browse Product","labels":[{"name":"tag","value":"BrowseProduct"},{"name":"host","value":"LAPTOP-9U19KNBL"},{"name":"thread","value":"10844@LAPTOP-9U19KNBL.main(1)"},{"name":"feature","value":"Test Browse Product Page"},{"name":"story","value":"Test Browse Product"},{"name":"suite","value":"Test Browse Product Page"},{"name":"testClass","value":"Test Browse Product"},{"name":"framework","value":"cucumber4jvm"},{"name":"language","value":"java"},{"name":"gherkin_uri","value":"file:///C:/Users/SharzKim/coding/automate_testing/TaniExchange_AutomateTesting/src/test/Features/BrowseProduct.feature"},{"name":"package","value":"src.test.Features.BrowseProduct_feature.Test Browse Product Page"}],"links":[]}