{"name":"Test Edit Demand","status":"broken","statusDetails":{"known":false,"muted":false,"flaky":false,"message":"Cannot locate an element using xpath=//input[@placeholder='Musang King']\nFor documentation on this error, please visit: https://www.seleniumhq.org/exceptions/no_such_element.html\nBuild info: version: '3.141.59', revision: 'e82be7d358', time: '2018-11-14T08:17:03'\nSystem info: host: 'LAPTOP-9U19KNBL', ip: '192.168.0.156', os.name: 'Windows 10', os.arch: 'amd64', os.version: '10.0', java.version: '11.0.17'\nDriver info: driver.version: RemoteWebDriver","trace":"org.openqa.selenium.NoSuchElementException: Cannot locate an element using xpath=//input[@placeholder='Musang King']\nFor documentation on this error, please visit: https://www.seleniumhq.org/exceptions/no_such_element.html\nBuild info: version: '3.141.59', revision: 'e82be7d358', time: '2018-11-14T08:17:03'\nSystem info: host: 'LAPTOP-9U19KNBL', ip: '192.168.0.156', os.name: 'Windows 10', os.arch: 'amd64', os.version: '10.0', java.version: '11.0.17'\nDriver info: driver.version: RemoteWebDriver\r\n\tat org.openqa.selenium.remote.RemoteWebDriver.findElement(RemoteWebDriver.java:327)\r\n\tat org.openqa.selenium.remote.RemoteWebDriver.findElementByXPath(RemoteWebDriver.java:428)\r\n\tat org.openqa.selenium.By$ByXPath.findElement(By.java:353)\r\n\tat org.openqa.selenium.remote.RemoteWebDriver.findElement(RemoteWebDriver.java:315)\r\n\tat Pages.DemandPage.clear_demand_form(DemandPage.java:126)\r\n\tat StepDef.EditDemand_StepDef.user_edit_but_doesnt_fill_in_required_demand_details(EditDemand_StepDef.java:59)\r\n\tat ✽.User edit but doesnt fill in required demand details and click save(file:///C:/Users/SharzKim/coding/automate_testing/TaniExchange_AutomateTesting/src/test/Features/EditDemand.feature:8)\r\n"},"stage":"finished","steps":[{"name":"Given  User select My Account EditDemand Buyer","status":"passed","statusDetails":{"known":false,"muted":false,"flaky":false},"stage":"finished","steps":[],"attachments":[],"parameters":[],"start":1683862826078,"stop":1683862832570},{"name":"And  User select My Demand EditDemand","status":"passed","statusDetails":{"known":false,"muted":false,"flaky":false},"stage":"finished","steps":[],"attachments":[],"parameters":[],"start":1683862832571,"stop":1683862834679},{"name":"And  User select chosen demand","status":"passed","statusDetails":{"known":false,"muted":false,"flaky":false},"stage":"finished","steps":[],"attachments":[],"parameters":[],"start":1683862834679,"stop":1683862836780},{"name":"And  User edit but doesnt fill in required demand details and click save","status":"broken","statusDetails":{"known":false,"muted":false,"flaky":false,"message":"Cannot locate an element using xpath=//input[@placeholder='Musang King']\nFor documentation on this error, please visit: https://www.seleniumhq.org/exceptions/no_such_element.html\nBuild info: version: '3.141.59', revision: 'e82be7d358', time: '2018-11-14T08:17:03'\nSystem info: host: 'LAPTOP-9U19KNBL', ip: '192.168.0.156', os.name: 'Windows 10', os.arch: 'amd64', os.version: '10.0', java.version: '11.0.17'\nDriver info: driver.version: RemoteWebDriver","trace":"org.openqa.selenium.NoSuchElementException: Cannot locate an element using xpath=//input[@placeholder='Musang King']\nFor documentation on this error, please visit: https://www.seleniumhq.org/exceptions/no_such_element.html\nBuild info: version: '3.141.59', revision: 'e82be7d358', time: '2018-11-14T08:17:03'\nSystem info: host: 'LAPTOP-9U19KNBL', ip: '192.168.0.156', os.name: 'Windows 10', os.arch: 'amd64', os.version: '10.0', java.version: '11.0.17'\nDriver info: driver.version: RemoteWebDriver\r\n\tat org.openqa.selenium.remote.RemoteWebDriver.findElement(RemoteWebDriver.java:327)\r\n\tat org.openqa.selenium.remote.RemoteWebDriver.findElementByXPath(RemoteWebDriver.java:428)\r\n\tat org.openqa.selenium.By$ByXPath.findElement(By.java:353)\r\n\tat org.openqa.selenium.remote.RemoteWebDriver.findElement(RemoteWebDriver.java:315)\r\n\tat Pages.DemandPage.clear_demand_form(DemandPage.java:126)\r\n\tat StepDef.EditDemand_StepDef.user_edit_but_doesnt_fill_in_required_demand_details(EditDemand_StepDef.java:59)\r\n\tat ✽.User edit but doesnt fill in required demand details and click save(file:///C:/Users/SharzKim/coding/automate_testing/TaniExchange_AutomateTesting/src/test/Features/EditDemand.feature:8)\r\n"},"stage":"finished","steps":[],"attachments":[],"parameters":[],"start":1683862836780,"stop":1683862843140},{"name":"Then  User edit and fill in required demand details and click save","status":"skipped","statusDetails":{"known":false,"muted":false,"flaky":false},"stage":"finished","steps":[],"attachments":[],"parameters":[],"start":1683862843141,"stop":1683862843141}],"attachments":[],"parameters":[],"start":1683862824144,"stop":1683862843317,"uuid":"692a1779-092b-4086-96d7-c154f68c9756","historyId":"7180d44e402582368aaf18f194b728de","fullName":"Test Edit Demand Page: Test Edit Demand","labels":[{"name":"tag","value":"EditDemand"},{"name":"host","value":"LAPTOP-9U19KNBL"},{"name":"thread","value":"25020@LAPTOP-9U19KNBL.main(1)"},{"name":"feature","value":"Test Edit Demand Page"},{"name":"story","value":"Test Edit Demand"},{"name":"suite","value":"Test Edit Demand Page"},{"name":"testClass","value":"Test Edit Demand"},{"name":"framework","value":"cucumber4jvm"},{"name":"language","value":"java"},{"name":"gherkin_uri","value":"file:///C:/Users/SharzKim/coding/automate_testing/TaniExchange_AutomateTesting/src/test/Features/EditDemand.feature"},{"name":"package","value":"src.test.Features.EditDemand_feature.Test Edit Demand Page"}],"links":[]}