{"name":"Test Accept Demand","status":"broken","statusDetails":{"known":false,"muted":false,"flaky":false,"message":"Cannot locate an element using xpath=//body//div//div[contains(@data-testid,'order-list')]//div//div//div[2]//div[1]//section[4]//button[2]\nFor documentation on this error, please visit: https://www.seleniumhq.org/exceptions/no_such_element.html\nBuild info: version: '3.141.59', revision: 'e82be7d358', time: '2018-11-14T08:17:03'\nSystem info: host: 'LAPTOP-9U19KNBL', ip: '192.168.0.156', os.name: 'Windows 10', os.arch: 'amd64', os.version: '10.0', java.version: '11.0.17'\nDriver info: driver.version: RemoteWebDriver","trace":"org.openqa.selenium.NoSuchElementException: Cannot locate an element using xpath=//body//div//div[contains(@data-testid,'order-list')]//div//div//div[2]//div[1]//section[4]//button[2]\nFor documentation on this error, please visit: https://www.seleniumhq.org/exceptions/no_such_element.html\nBuild info: version: '3.141.59', revision: 'e82be7d358', time: '2018-11-14T08:17:03'\nSystem info: host: 'LAPTOP-9U19KNBL', ip: '192.168.0.156', os.name: 'Windows 10', os.arch: 'amd64', os.version: '10.0', java.version: '11.0.17'\nDriver info: driver.version: RemoteWebDriver\r\n\tat org.openqa.selenium.remote.RemoteWebDriver.findElement(RemoteWebDriver.java:327)\r\n\tat org.openqa.selenium.remote.RemoteWebDriver.findElementByXPath(RemoteWebDriver.java:428)\r\n\tat org.openqa.selenium.By$ByXPath.findElement(By.java:353)\r\n\tat org.openqa.selenium.remote.RemoteWebDriver.findElement(RemoteWebDriver.java:315)\r\n\tat Pages.MyDemandPage.details_demand_button(MyDemandPage.java:44)\r\n\tat StepDef.AcceptDemand_StepDef.user_click_on_chosen_demand(AcceptDemand_StepDef.java:49)\r\n\tat ✽.User click on chosen demand AcceptDemand(file:///C:/Users/SharzKim/coding/automate_testing/TaniExchange_AutomateTesting/src/test/Features/AcceptDemand.feature:7)\r\n"},"stage":"finished","steps":[{"name":"Given  User select My Account AcceptDemand Buyer","status":"passed","statusDetails":{"known":false,"muted":false,"flaky":false},"stage":"finished","steps":[],"attachments":[],"parameters":[],"start":1683866917275,"stop":1683866923707},{"name":"And  User select My Demand Buyer","status":"passed","statusDetails":{"known":false,"muted":false,"flaky":false},"stage":"finished","steps":[],"attachments":[],"parameters":[],"start":1683866923708,"stop":1683866925828},{"name":"And  User click on chosen demand AcceptDemand","status":"broken","statusDetails":{"known":false,"muted":false,"flaky":false,"message":"Cannot locate an element using xpath=//body//div//div[contains(@data-testid,'order-list')]//div//div//div[2]//div[1]//section[4]//button[2]\nFor documentation on this error, please visit: https://www.seleniumhq.org/exceptions/no_such_element.html\nBuild info: version: '3.141.59', revision: 'e82be7d358', time: '2018-11-14T08:17:03'\nSystem info: host: 'LAPTOP-9U19KNBL', ip: '192.168.0.156', os.name: 'Windows 10', os.arch: 'amd64', os.version: '10.0', java.version: '11.0.17'\nDriver info: driver.version: RemoteWebDriver","trace":"org.openqa.selenium.NoSuchElementException: Cannot locate an element using xpath=//body//div//div[contains(@data-testid,'order-list')]//div//div//div[2]//div[1]//section[4]//button[2]\nFor documentation on this error, please visit: https://www.seleniumhq.org/exceptions/no_such_element.html\nBuild info: version: '3.141.59', revision: 'e82be7d358', time: '2018-11-14T08:17:03'\nSystem info: host: 'LAPTOP-9U19KNBL', ip: '192.168.0.156', os.name: 'Windows 10', os.arch: 'amd64', os.version: '10.0', java.version: '11.0.17'\nDriver info: driver.version: RemoteWebDriver\r\n\tat org.openqa.selenium.remote.RemoteWebDriver.findElement(RemoteWebDriver.java:327)\r\n\tat org.openqa.selenium.remote.RemoteWebDriver.findElementByXPath(RemoteWebDriver.java:428)\r\n\tat org.openqa.selenium.By$ByXPath.findElement(By.java:353)\r\n\tat org.openqa.selenium.remote.RemoteWebDriver.findElement(RemoteWebDriver.java:315)\r\n\tat Pages.MyDemandPage.details_demand_button(MyDemandPage.java:44)\r\n\tat StepDef.AcceptDemand_StepDef.user_click_on_chosen_demand(AcceptDemand_StepDef.java:49)\r\n\tat ✽.User click on chosen demand AcceptDemand(file:///C:/Users/SharzKim/coding/automate_testing/TaniExchange_AutomateTesting/src/test/Features/AcceptDemand.feature:7)\r\n"},"stage":"finished","steps":[],"attachments":[],"parameters":[],"start":1683866925829,"stop":1683866928623},{"name":"And  User click on view farm AcceptDemand","status":"skipped","statusDetails":{"known":false,"muted":false,"flaky":false},"stage":"finished","steps":[],"attachments":[],"parameters":[],"start":1683866928624,"stop":1683866928624},{"name":"And  User click on accept demand","status":"skipped","statusDetails":{"known":false,"muted":false,"flaky":false},"stage":"finished","steps":[],"attachments":[],"parameters":[],"start":1683866928624,"stop":1683866928624},{"name":"And  User cancel accept demand","status":"skipped","statusDetails":{"known":false,"muted":false,"flaky":false},"stage":"finished","steps":[],"attachments":[],"parameters":[],"start":1683866928624,"stop":1683866928625},{"name":"And  User confirm accept demand","status":"skipped","statusDetails":{"known":false,"muted":false,"flaky":false},"stage":"finished","steps":[],"attachments":[],"parameters":[],"start":1683866928625,"stop":1683866928625},{"name":"Then  User go back to My Demand","status":"skipped","statusDetails":{"known":false,"muted":false,"flaky":false},"stage":"finished","steps":[],"attachments":[],"parameters":[],"start":1683866928625,"stop":1683866928625}],"attachments":[],"parameters":[],"start":1683866915415,"stop":1683866928759,"uuid":"7687606c-e7ac-4372-8b2c-da11f86ed497","historyId":"733595f453cf2615ad1a1d2a1bd58894","fullName":"Test Accept Demand Page: Test Accept Demand","labels":[{"name":"tag","value":"AcceptDemand"},{"name":"host","value":"LAPTOP-9U19KNBL"},{"name":"thread","value":"7624@LAPTOP-9U19KNBL.main(1)"},{"name":"feature","value":"Test Accept Demand Page"},{"name":"story","value":"Test Accept Demand"},{"name":"suite","value":"Test Accept Demand Page"},{"name":"testClass","value":"Test Accept Demand"},{"name":"framework","value":"cucumber4jvm"},{"name":"language","value":"java"},{"name":"gherkin_uri","value":"file:///C:/Users/SharzKim/coding/automate_testing/TaniExchange_AutomateTesting/src/test/Features/AcceptDemand.feature"},{"name":"package","value":"src.test.Features.AcceptDemand_feature.Test Accept Demand Page"}],"links":[]}