{"name":"Test Create Demand","status":"broken","statusDetails":{"known":false,"muted":false,"flaky":false,"message":"Cannot locate an element using xpath=/html[1]/body[1]/div[1]/div[1]/div[1]/div[2]/div[1]/div[1]/div[2]/form[1]/div[1]/div[2]/div[1]/div[1]/div[7]/div[2]/input[1]\nFor documentation on this error, please visit: https://www.seleniumhq.org/exceptions/no_such_element.html\nBuild info: version: '3.141.59', revision: 'e82be7d358', time: '2018-11-14T08:17:03'\nSystem info: host: 'LAPTOP-9U19KNBL', ip: '192.168.0.156', os.name: 'Windows 10', os.arch: 'amd64', os.version: '10.0', java.version: '11.0.17'\nDriver info: driver.version: RemoteWebDriver","trace":"org.openqa.selenium.NoSuchElementException: Cannot locate an element using xpath=/html[1]/body[1]/div[1]/div[1]/div[1]/div[2]/div[1]/div[1]/div[2]/form[1]/div[1]/div[2]/div[1]/div[1]/div[7]/div[2]/input[1]\nFor documentation on this error, please visit: https://www.seleniumhq.org/exceptions/no_such_element.html\nBuild info: version: '3.141.59', revision: 'e82be7d358', time: '2018-11-14T08:17:03'\nSystem info: host: 'LAPTOP-9U19KNBL', ip: '192.168.0.156', os.name: 'Windows 10', os.arch: 'amd64', os.version: '10.0', java.version: '11.0.17'\nDriver info: driver.version: RemoteWebDriver\r\n\tat org.openqa.selenium.remote.RemoteWebDriver.findElement(RemoteWebDriver.java:327)\r\n\tat org.openqa.selenium.remote.RemoteWebDriver.findElementByXPath(RemoteWebDriver.java:428)\r\n\tat org.openqa.selenium.By$ByXPath.findElement(By.java:353)\r\n\tat org.openqa.selenium.remote.RemoteWebDriver.findElement(RemoteWebDriver.java:315)\r\n\tat Pages.DemandPage.photodescriptionform(DemandPage.java:114)\r\n\tat StepDef.CreateDemand_StepDef.user_upload_image_with_image_description(CreateDemand_StepDef.java:136)\r\n\tat ✽.User add image description CreateDemand(file:///C:/Users/SharzKim/coding/automate_testing/TaniExchange_AutomateTesting/src/test/Features/CreateDemand.feature:12)\r\n"},"stage":"finished","steps":[{"name":"Given  User select My Account CreateDemand Buyer","status":"passed","statusDetails":{"known":false,"muted":false,"flaky":false},"stage":"finished","steps":[],"attachments":[],"parameters":[],"start":1683861460591,"stop":1683861467035},{"name":"And  User select My Demand CreateDemand","status":"passed","statusDetails":{"known":false,"muted":false,"flaky":false},"stage":"finished","steps":[],"attachments":[],"parameters":[],"start":1683861467035,"stop":1683861469121},{"name":"And  User add New Demand","status":"passed","statusDetails":{"known":false,"muted":false,"flaky":false},"stage":"finished","steps":[],"attachments":[],"parameters":[],"start":1683861469122,"stop":1683861471231},{"name":"And  User doesnt fill in required demand details and click save","status":"passed","statusDetails":{"known":false,"muted":false,"flaky":false},"stage":"finished","steps":[],"attachments":[],"parameters":[],"start":1683861471232,"stop":1683861473299},{"name":"And  User fill in required demand details and click save","status":"passed","statusDetails":{"known":false,"muted":false,"flaky":false},"stage":"finished","steps":[],"attachments":[],"parameters":[],"start":1683861473299,"stop":1683861482399},{"name":"And  User doesnt upload image CreateDemand","status":"passed","statusDetails":{"known":false,"muted":false,"flaky":false},"stage":"finished","steps":[],"attachments":[],"parameters":[],"start":1683861482400,"stop":1683861484460},{"name":"And  User upload image but no image description CreateDemand","status":"passed","statusDetails":{"known":false,"muted":false,"flaky":false},"stage":"finished","steps":[],"attachments":[],"parameters":[],"start":1683861484460,"stop":1683861511116},{"name":"Then  User add image description CreateDemand","status":"broken","statusDetails":{"known":false,"muted":false,"flaky":false,"message":"Cannot locate an element using xpath=/html[1]/body[1]/div[1]/div[1]/div[1]/div[2]/div[1]/div[1]/div[2]/form[1]/div[1]/div[2]/div[1]/div[1]/div[7]/div[2]/input[1]\nFor documentation on this error, please visit: https://www.seleniumhq.org/exceptions/no_such_element.html\nBuild info: version: '3.141.59', revision: 'e82be7d358', time: '2018-11-14T08:17:03'\nSystem info: host: 'LAPTOP-9U19KNBL', ip: '192.168.0.156', os.name: 'Windows 10', os.arch: 'amd64', os.version: '10.0', java.version: '11.0.17'\nDriver info: driver.version: RemoteWebDriver","trace":"org.openqa.selenium.NoSuchElementException: Cannot locate an element using xpath=/html[1]/body[1]/div[1]/div[1]/div[1]/div[2]/div[1]/div[1]/div[2]/form[1]/div[1]/div[2]/div[1]/div[1]/div[7]/div[2]/input[1]\nFor documentation on this error, please visit: https://www.seleniumhq.org/exceptions/no_such_element.html\nBuild info: version: '3.141.59', revision: 'e82be7d358', time: '2018-11-14T08:17:03'\nSystem info: host: 'LAPTOP-9U19KNBL', ip: '192.168.0.156', os.name: 'Windows 10', os.arch: 'amd64', os.version: '10.0', java.version: '11.0.17'\nDriver info: driver.version: RemoteWebDriver\r\n\tat org.openqa.selenium.remote.RemoteWebDriver.findElement(RemoteWebDriver.java:327)\r\n\tat org.openqa.selenium.remote.RemoteWebDriver.findElementByXPath(RemoteWebDriver.java:428)\r\n\tat org.openqa.selenium.By$ByXPath.findElement(By.java:353)\r\n\tat org.openqa.selenium.remote.RemoteWebDriver.findElement(RemoteWebDriver.java:315)\r\n\tat Pages.DemandPage.photodescriptionform(DemandPage.java:114)\r\n\tat StepDef.CreateDemand_StepDef.user_upload_image_with_image_description(CreateDemand_StepDef.java:136)\r\n\tat ✽.User add image description CreateDemand(file:///C:/Users/SharzKim/coding/automate_testing/TaniExchange_AutomateTesting/src/test/Features/CreateDemand.feature:12)\r\n"},"stage":"finished","steps":[],"attachments":[],"parameters":[],"start":1683861511116,"stop":1683861525193}],"attachments":[],"parameters":[],"start":1683861458618,"stop":1683861525359,"uuid":"99a5797a-6fb4-453f-9260-f813f37fad65","historyId":"6bb601a3285164b087d28bcf2c5e1e6b","fullName":"Test Create Demand Page: Test Create Demand","labels":[{"name":"tag","value":"CreateDemand"},{"name":"host","value":"LAPTOP-9U19KNBL"},{"name":"thread","value":"13364@LAPTOP-9U19KNBL.main(1)"},{"name":"feature","value":"Test Create Demand Page"},{"name":"story","value":"Test Create Demand"},{"name":"suite","value":"Test Create Demand Page"},{"name":"testClass","value":"Test Create Demand"},{"name":"framework","value":"cucumber4jvm"},{"name":"language","value":"java"},{"name":"gherkin_uri","value":"file:///C:/Users/SharzKim/coding/automate_testing/TaniExchange_AutomateTesting/src/test/Features/CreateDemand.feature"},{"name":"package","value":"src.test.Features.CreateDemand_feature.Test Create Demand Page"}],"links":[]}