{"name":"Test Apply Demand","status":"broken","statusDetails":{"known":false,"muted":false,"flaky":false,"message":"Cannot locate element with text: Crop: corn - A - Price: RM2 - Quantity: 2KG\nFor documentation on this error, please visit: https://www.seleniumhq.org/exceptions/no_such_element.html\nBuild info: version: '3.141.59', revision: 'e82be7d358', time: '2018-11-14T08:17:03'\nSystem info: host: 'LAPTOP-9U19KNBL', ip: '192.168.0.156', os.name: 'Windows 10', os.arch: 'amd64', os.version: '10.0', java.version: '11.0.17'\nDriver info: driver.version: unknown","trace":"org.openqa.selenium.NoSuchElementException: Cannot locate element with text: Crop: corn - A - Price: RM2 - Quantity: 2KG\nFor documentation on this error, please visit: https://www.seleniumhq.org/exceptions/no_such_element.html\nBuild info: version: '3.141.59', revision: 'e82be7d358', time: '2018-11-14T08:17:03'\nSystem info: host: 'LAPTOP-9U19KNBL', ip: '192.168.0.156', os.name: 'Windows 10', os.arch: 'amd64', os.version: '10.0', java.version: '11.0.17'\nDriver info: driver.version: unknown\r\n\tat org.openqa.selenium.support.ui.Select.selectByVisibleText(Select.java:147)\r\n\tat Pages.MyDemandPage.gradedemandform(MyDemandPage.java:35)\r\n\tat StepDef.ApplyDemand_StepDef.user_choose_grade(ApplyDemand_StepDef.java:70)\r\n\tat ✽.User select on demand grade and apply ApplyDemand(file:///C:/Users/SharzKim/coding/automate_testing/TaniExchange_AutomateTesting/src/test/Features/ApplyDemand.feature:9)\r\n"},"stage":"finished","steps":[{"name":"Given  User select My Account ApplyDemand Farmer","status":"passed","statusDetails":{"known":false,"muted":false,"flaky":false},"stage":"finished","steps":[],"attachments":[],"parameters":[],"start":1683865593912,"stop":1683865600391},{"name":"And  User select Market Demand","status":"passed","statusDetails":{"known":false,"muted":false,"flaky":false},"stage":"finished","steps":[],"attachments":[],"parameters":[],"start":1683865600391,"stop":1683865602513},{"name":"And  User click on chosen demand ApplyDemand","status":"passed","statusDetails":{"known":false,"muted":false,"flaky":false},"stage":"finished","steps":[],"attachments":[],"parameters":[],"start":1683865602513,"stop":1683865604632},{"name":"And  User doesnt select on demand grade and apply ApplyDemand","status":"passed","statusDetails":{"known":false,"muted":false,"flaky":false},"stage":"finished","steps":[],"attachments":[],"parameters":[],"start":1683865604634,"stop":1683865610777},{"name":"And  User select on demand grade and apply ApplyDemand","status":"broken","statusDetails":{"known":false,"muted":false,"flaky":false,"message":"Cannot locate element with text: Crop: corn - A - Price: RM2 - Quantity: 2KG\nFor documentation on this error, please visit: https://www.seleniumhq.org/exceptions/no_such_element.html\nBuild info: version: '3.141.59', revision: 'e82be7d358', time: '2018-11-14T08:17:03'\nSystem info: host: 'LAPTOP-9U19KNBL', ip: '192.168.0.156', os.name: 'Windows 10', os.arch: 'amd64', os.version: '10.0', java.version: '11.0.17'\nDriver info: driver.version: unknown","trace":"org.openqa.selenium.NoSuchElementException: Cannot locate element with text: Crop: corn - A - Price: RM2 - Quantity: 2KG\nFor documentation on this error, please visit: https://www.seleniumhq.org/exceptions/no_such_element.html\nBuild info: version: '3.141.59', revision: 'e82be7d358', time: '2018-11-14T08:17:03'\nSystem info: host: 'LAPTOP-9U19KNBL', ip: '192.168.0.156', os.name: 'Windows 10', os.arch: 'amd64', os.version: '10.0', java.version: '11.0.17'\nDriver info: driver.version: unknown\r\n\tat org.openqa.selenium.support.ui.Select.selectByVisibleText(Select.java:147)\r\n\tat Pages.MyDemandPage.gradedemandform(MyDemandPage.java:35)\r\n\tat StepDef.ApplyDemand_StepDef.user_choose_grade(ApplyDemand_StepDef.java:70)\r\n\tat ✽.User select on demand grade and apply ApplyDemand(file:///C:/Users/SharzKim/coding/automate_testing/TaniExchange_AutomateTesting/src/test/Features/ApplyDemand.feature:9)\r\n"},"stage":"finished","steps":[],"attachments":[],"parameters":[],"start":1683865610777,"stop":1683865623024},{"name":"And  User already apply","status":"skipped","statusDetails":{"known":false,"muted":false,"flaky":false},"stage":"finished","steps":[],"attachments":[],"parameters":[],"start":1683865623024,"stop":1683865623025},{"name":"Then  User go back to Market Demand","status":"skipped","statusDetails":{"known":false,"muted":false,"flaky":false},"stage":"finished","steps":[],"attachments":[],"parameters":[],"start":1683865623025,"stop":1683865623025}],"attachments":[],"parameters":[],"start":1683865592051,"stop":1683865625369,"uuid":"9b001c40-6c9a-401f-b52d-91b7da0d0e89","historyId":"b22a303993d8eda90e9541d5eb75a69d","fullName":"Test Apply Demand Page: Test Apply Demand","labels":[{"name":"tag","value":"ApplyDemand"},{"name":"host","value":"LAPTOP-9U19KNBL"},{"name":"thread","value":"24404@LAPTOP-9U19KNBL.main(1)"},{"name":"feature","value":"Test Apply Demand Page"},{"name":"story","value":"Test Apply Demand"},{"name":"suite","value":"Test Apply Demand Page"},{"name":"testClass","value":"Test Apply Demand"},{"name":"framework","value":"cucumber4jvm"},{"name":"language","value":"java"},{"name":"gherkin_uri","value":"file:///C:/Users/SharzKim/coding/automate_testing/TaniExchange_AutomateTesting/src/test/Features/ApplyDemand.feature"},{"name":"package","value":"src.test.Features.ApplyDemand_feature.Test Apply Demand Page"}],"links":[]}